<?xml version="1.0" encoding="UTF-8"?>
<robot generator="Robot 4.0.2 (Python 3.9.5 on win32)" generated="20211122 18:20:10.034" rpa="false" schemaversion="2">
<suite id="s1" name="Scenario2" source="D:\QC\Gitlab\batch1\RobotFw\LongTran-RobotFW-POM-DataDriven\test\Scenario2.robot">
<test id="s1-t1" name="Add A Book With bookName Successfully">
<kw name="Open And Login" library="Common" type="SETUP">
<kw name="Open Link Page" library="Login">
<arg>${UrlLogin}</arg>
<arg>${browser}</arg>
<kw name="Open Browser" library="Selenium2Library">
<arg>${locator}</arg>
<arg>${value}</arg>
<doc>Opens a new browser instance to the optional ``url``.</doc>
<msg timestamp="20211122 18:20:10.261" level="INFO">Opening browser 'chrome' to base url 'https://demoqa.com/login'.</msg>
<kw name="Capture Page Screenshot" library="Selenium2Library">
<doc>Takes a screenshot of the current page and embeds it into a log file.</doc>
<msg timestamp="20211122 18:20:13.699" level="INFO">Cannot capture screenshot because no browser is open.</msg>
<status status="PASS" starttime="20211122 18:20:13.699" endtime="20211122 18:20:13.699"/>
</kw>
<msg timestamp="20211122 18:20:13.702" level="FAIL">SessionNotCreatedException: Message: session not created: This version of ChromeDriver only supports Chrome version 91
Current browser version is 96.0.4664.45 with binary path C:\Program Files\Google\Chrome\Application\chrome.exe
</msg>
<status status="FAIL" starttime="20211122 18:20:10.261" endtime="20211122 18:20:13.702"/>
</kw>
<kw name="Maximize Browser Window" library="Selenium2Library">
<doc>Maximizes current browser window.</doc>
<status status="NOT RUN" starttime="20211122 18:20:13.702" endtime="20211122 18:20:13.702"/>
</kw>
<status status="FAIL" starttime="20211122 18:20:10.260" endtime="20211122 18:20:13.702"/>
</kw>
<kw name="Login" library="Login">
<arg>${username}</arg>
<arg>${password}</arg>
<status status="NOT RUN" starttime="20211122 18:20:13.702" endtime="20211122 18:20:13.702"/>
</kw>
<status status="FAIL" starttime="20211122 18:20:10.260" endtime="20211122 18:20:13.702"/>
</kw>
<kw name="Log Out" library="Common" type="TEARDOWN">
<kw name="Go To" library="Selenium2Library">
<arg>${UrlProfile}</arg>
<doc>Navigates the current browser window to the provided ``url``.</doc>
<msg timestamp="20211122 18:20:13.703" level="INFO">Opening url 'https://demoqa.com/profile'</msg>
<kw name="Capture Page Screenshot" library="Selenium2Library">
<doc>Takes a screenshot of the current page and embeds it into a log file.</doc>
<msg timestamp="20211122 18:20:13.704" level="INFO">Cannot capture screenshot because no browser is open.</msg>
<status status="PASS" starttime="20211122 18:20:13.703" endtime="20211122 18:20:13.704"/>
</kw>
<msg timestamp="20211122 18:20:13.704" level="FAIL">No browser is open.</msg>
<status status="FAIL" starttime="20211122 18:20:13.703" endtime="20211122 18:20:13.704"/>
</kw>
<kw name="Wait Until Element Is Visible" library="Selenium2Library">
<arg>${btnLogout_Locator}</arg>
<doc>Waits until the element ``locator`` is visible.</doc>
<kw name="Capture Page Screenshot" library="Selenium2Library">
<doc>Takes a screenshot of the current page and embeds it into a log file.</doc>
<msg timestamp="20211122 18:20:13.705" level="INFO">Cannot capture screenshot because no browser is open.</msg>
<status status="PASS" starttime="20211122 18:20:13.705" endtime="20211122 18:20:13.705"/>
</kw>
<msg timestamp="20211122 18:20:13.706" level="FAIL">No browser is open.</msg>
<status status="FAIL" starttime="20211122 18:20:13.705" endtime="20211122 18:20:13.706"/>
</kw>
<kw name="Click Element" library="Selenium2Library">
<arg>${btnLogout_Locator}</arg>
<doc>Click the element identified by ``locator``.</doc>
<msg timestamp="20211122 18:20:13.707" level="INFO">Clicking element '//*[@id="submit"][contains(text(),'Log out')]'.</msg>
<kw name="Capture Page Screenshot" library="Selenium2Library">
<doc>Takes a screenshot of the current page and embeds it into a log file.</doc>
<msg timestamp="20211122 18:20:13.707" level="INFO">Cannot capture screenshot because no browser is open.</msg>
<status status="PASS" starttime="20211122 18:20:13.707" endtime="20211122 18:20:13.707"/>
</kw>
<msg timestamp="20211122 18:20:13.708" level="FAIL">No browser is open.</msg>
<status status="FAIL" starttime="20211122 18:20:13.706" endtime="20211122 18:20:13.708"/>
</kw>
<kw name="Close Browser" library="Selenium2Library">
<doc>Closes the current browser.</doc>
<status status="PASS" starttime="20211122 18:20:13.708" endtime="20211122 18:20:13.709"/>
</kw>
<status status="FAIL" starttime="20211122 18:20:13.703" endtime="20211122 18:20:13.709">Several failures occurred:

1) No browser is open.

2) No browser is open.

3) No browser is open.</status>
</kw>
<status status="FAIL" starttime="20211122 18:20:10.259" endtime="20211122 18:20:13.709">Setup failed:
SessionNotCreatedException: Message: session not created: This version of ChromeDriver only supports Chrome version 91
Current browser version is 96.0.4664.45 with binary path C:\Program Files\Google\Chrome\Application\chrome.exe


Also teardown failed:
Several failures occurred:

1) No browser is open.

2) No browser is open.

3) No browser is open.</status>
</test>
<status status="FAIL" starttime="20211122 18:20:10.035" endtime="20211122 18:20:13.711"/>
</suite>
<statistics>
<total>
<stat pass="0" fail="1" skip="0">All Tests</stat>
</total>
<tag>
</tag>
<suite>
<stat pass="0" fail="1" skip="0" id="s1" name="Scenario2">Scenario2</stat>
</suite>
</statistics>
<errors>
</errors>
</robot>
